nohup: ignoring input
/home/kibria/Desktop/IIT_Folders/6th_semester/AI/StockVision/backend/services/precomputed_service.py:191: RuntimeWarning: invalid value encountered in scalar divide
  price_change = ((current_avg - old_avg) / old_avg) * 100
/home/kibria/Desktop/IIT_Folders/6th_semester/AI/StockVision/.venv/lib/python3.10/site-packages/pandas/core/nanops.py:1016: RuntimeWarning: invalid value encountered in subtract
  sqr = _ensure_numeric((avg - values) ** 2)
/home/kibria/Desktop/IIT_Folders/6th_semester/AI/StockVision/.venv/lib/python3.10/site-packages/pandas/core/nanops.py:1016: RuntimeWarning: invalid value encountered in subtract
  sqr = _ensure_numeric((avg - values) ** 2)
/home/kibria/Desktop/IIT_Folders/6th_semester/AI/StockVision/.venv/lib/python3.10/site-packages/pandas/core/nanops.py:1016: RuntimeWarning: invalid value encountered in subtract
  sqr = _ensure_numeric((avg - values) ** 2)
/home/kibria/Desktop/IIT_Folders/6th_semester/AI/StockVision/.venv/lib/python3.10/site-packages/pandas/core/nanops.py:1016: RuntimeWarning: invalid value encountered in subtract
  sqr = _ensure_numeric((avg - values) ** 2)
/home/kibria/Desktop/IIT_Folders/6th_semester/AI/StockVision/backend/services/precomputed_service.py:253: RuntimeWarning: invalid value encountered in scalar divide
  price_change = ((latest_price - price_30_days_ago) / price_30_days_ago) * 100
/home/kibria/Desktop/IIT_Folders/6th_semester/AI/StockVision/.venv/lib/python3.10/site-packages/pandas/core/nanops.py:1016: RuntimeWarning: invalid value encountered in subtract
  sqr = _ensure_numeric((avg - values) ** 2)
/home/kibria/Desktop/IIT_Folders/6th_semester/AI/StockVision/backend/services/precomputed_service.py:253: RuntimeWarning: invalid value encountered in scalar divide
  price_change = ((latest_price - price_30_days_ago) / price_30_days_ago) * 100
/home/kibria/Desktop/IIT_Folders/6th_semester/AI/StockVision/.venv/lib/python3.10/site-packages/pandas/core/nanops.py:1016: RuntimeWarning: invalid value encountered in subtract
  sqr = _ensure_numeric((avg - values) ** 2)
/home/kibria/Desktop/IIT_Folders/6th_semester/AI/StockVision/.venv/lib/python3.10/site-packages/pandas/core/nanops.py:1016: RuntimeWarning: invalid value encountered in subtract
  sqr = _ensure_numeric((avg - values) ** 2)
/home/kibria/Desktop/IIT_Folders/6th_semester/AI/StockVision/.venv/lib/python3.10/site-packages/pandas/core/nanops.py:1016: RuntimeWarning: invalid value encountered in subtract
  sqr = _ensure_numeric((avg - values) ** 2)
/home/kibria/Desktop/IIT_Folders/6th_semester/AI/StockVision/backend/services/precomputed_service.py:253: RuntimeWarning: invalid value encountered in scalar divide
  price_change = ((latest_price - price_30_days_ago) / price_30_days_ago) * 100
/home/kibria/Desktop/IIT_Folders/6th_semester/AI/StockVision/.venv/lib/python3.10/site-packages/pandas/core/nanops.py:1016: RuntimeWarning: invalid value encountered in subtract
  sqr = _ensure_numeric((avg - values) ** 2)
/home/kibria/Desktop/IIT_Folders/6th_semester/AI/StockVision/.venv/lib/python3.10/site-packages/pandas/core/nanops.py:1016: RuntimeWarning: invalid value encountered in subtract
  sqr = _ensure_numeric((avg - values) ** 2)
/home/kibria/Desktop/IIT_Folders/6th_semester/AI/StockVision/.venv/lib/python3.10/site-packages/pandas/core/nanops.py:1016: RuntimeWarning: invalid value encountered in subtract
  sqr = _ensure_numeric((avg - values) ** 2)
/home/kibria/Desktop/IIT_Folders/6th_semester/AI/StockVision/backend/services/precomputed_service.py:253: RuntimeWarning: invalid value encountered in scalar divide
  price_change = ((latest_price - price_30_days_ago) / price_30_days_ago) * 100
/home/kibria/Desktop/IIT_Folders/6th_semester/AI/StockVision/.venv/lib/python3.10/site-packages/pandas/core/nanops.py:1016: RuntimeWarning: invalid value encountered in subtract
  sqr = _ensure_numeric((avg - values) ** 2)
/home/kibria/Desktop/IIT_Folders/6th_semester/AI/StockVision/.venv/lib/python3.10/site-packages/pandas/core/nanops.py:1016: RuntimeWarning: invalid value encountered in subtract
  sqr = _ensure_numeric((avg - values) ** 2)
/home/kibria/Desktop/IIT_Folders/6th_semester/AI/StockVision/.venv/lib/python3.10/site-packages/pandas/core/nanops.py:1016: RuntimeWarning: invalid value encountered in subtract
  sqr = _ensure_numeric((avg - values) ** 2)
/home/kibria/Desktop/IIT_Folders/6th_semester/AI/StockVision/.venv/lib/python3.10/site-packages/pandas/core/nanops.py:1016: RuntimeWarning: invalid value encountered in subtract
  sqr = _ensure_numeric((avg - values) ** 2)
/home/kibria/Desktop/IIT_Folders/6th_semester/AI/StockVision/backend/services/precomputed_service.py:253: RuntimeWarning: invalid value encountered in scalar divide
  price_change = ((latest_price - price_30_days_ago) / price_30_days_ago) * 100
/home/kibria/Desktop/IIT_Folders/6th_semester/AI/StockVision/.venv/lib/python3.10/site-packages/pandas/core/nanops.py:1016: RuntimeWarning: invalid value encountered in subtract
  sqr = _ensure_numeric((avg - values) ** 2)
/home/kibria/Desktop/IIT_Folders/6th_semester/AI/StockVision/.venv/lib/python3.10/site-packages/pandas/core/nanops.py:1016: RuntimeWarning: invalid value encountered in subtract
  sqr = _ensure_numeric((avg - values) ** 2)
/home/kibria/Desktop/IIT_Folders/6th_semester/AI/StockVision/backend/services/precomputed_service.py:253: RuntimeWarning: invalid value encountered in scalar divide
  price_change = ((latest_price - price_30_days_ago) / price_30_days_ago) * 100
/home/kibria/Desktop/IIT_Folders/6th_semester/AI/StockVision/.venv/lib/python3.10/site-packages/pandas/core/nanops.py:1016: RuntimeWarning: invalid value encountered in subtract
  sqr = _ensure_numeric((avg - values) ** 2)
/home/kibria/Desktop/IIT_Folders/6th_semester/AI/StockVision/.venv/lib/python3.10/site-packages/pandas/core/nanops.py:1016: RuntimeWarning: invalid value encountered in subtract
  sqr = _ensure_numeric((avg - values) ** 2)
/home/kibria/Desktop/IIT_Folders/6th_semester/AI/StockVision/.venv/lib/python3.10/site-packages/pandas/core/nanops.py:1016: RuntimeWarning: invalid value encountered in subtract
  sqr = _ensure_numeric((avg - values) ** 2)
/home/kibria/Desktop/IIT_Folders/6th_semester/AI/StockVision/.venv/lib/python3.10/site-packages/pandas/core/nanops.py:1016: RuntimeWarning: invalid value encountered in subtract
  sqr = _ensure_numeric((avg - values) ** 2)
/home/kibria/Desktop/IIT_Folders/6th_semester/AI/StockVision/.venv/lib/python3.10/site-packages/pandas/core/nanops.py:1016: RuntimeWarning: invalid value encountered in subtract
  sqr = _ensure_numeric((avg - values) ** 2)
/home/kibria/Desktop/IIT_Folders/6th_semester/AI/StockVision/.venv/lib/python3.10/site-packages/pandas/core/nanops.py:1016: RuntimeWarning: invalid value encountered in subtract
  sqr = _ensure_numeric((avg - values) ** 2)
/home/kibria/Desktop/IIT_Folders/6th_semester/AI/StockVision/.venv/lib/python3.10/site-packages/pandas/core/nanops.py:1016: RuntimeWarning: invalid value encountered in subtract
  sqr = _ensure_numeric((avg - values) ** 2)
/home/kibria/Desktop/IIT_Folders/6th_semester/AI/StockVision/.venv/lib/python3.10/site-packages/pandas/core/nanops.py:1016: RuntimeWarning: invalid value encountered in subtract
  sqr = _ensure_numeric((avg - values) ** 2)
/home/kibria/Desktop/IIT_Folders/6th_semester/AI/StockVision/.venv/lib/python3.10/site-packages/pandas/core/nanops.py:1016: RuntimeWarning: invalid value encountered in subtract
  sqr = _ensure_numeric((avg - values) ** 2)
/home/kibria/Desktop/IIT_Folders/6th_semester/AI/StockVision/.venv/lib/python3.10/site-packages/pandas/core/nanops.py:1016: RuntimeWarning: invalid value encountered in subtract
  sqr = _ensure_numeric((avg - values) ** 2)
/home/kibria/Desktop/IIT_Folders/6th_semester/AI/StockVision/.venv/lib/python3.10/site-packages/pandas/core/nanops.py:1016: RuntimeWarning: invalid value encountered in subtract
  sqr = _ensure_numeric((avg - values) ** 2)
/home/kibria/Desktop/IIT_Folders/6th_semester/AI/StockVision/.venv/lib/python3.10/site-packages/pandas/core/nanops.py:1016: RuntimeWarning: invalid value encountered in subtract
  sqr = _ensure_numeric((avg - values) ** 2)
/home/kibria/Desktop/IIT_Folders/6th_semester/AI/StockVision/backend/services/precomputed_service.py:253: RuntimeWarning: invalid value encountered in scalar divide
  price_change = ((latest_price - price_30_days_ago) / price_30_days_ago) * 100
/home/kibria/Desktop/IIT_Folders/6th_semester/AI/StockVision/.venv/lib/python3.10/site-packages/pandas/core/nanops.py:1016: RuntimeWarning: invalid value encountered in subtract
  sqr = _ensure_numeric((avg - values) ** 2)
/home/kibria/Desktop/IIT_Folders/6th_semester/AI/StockVision/.venv/lib/python3.10/site-packages/pandas/core/nanops.py:1016: RuntimeWarning: invalid value encountered in subtract
  sqr = _ensure_numeric((avg - values) ** 2)
/home/kibria/Desktop/IIT_Folders/6th_semester/AI/StockVision/.venv/lib/python3.10/site-packages/pandas/core/nanops.py:1016: RuntimeWarning: invalid value encountered in subtract
  sqr = _ensure_numeric((avg - values) ** 2)
/home/kibria/Desktop/IIT_Folders/6th_semester/AI/StockVision/backend/services/precomputed_service.py:253: RuntimeWarning: invalid value encountered in scalar divide
  price_change = ((latest_price - price_30_days_ago) / price_30_days_ago) * 100
/home/kibria/Desktop/IIT_Folders/6th_semester/AI/StockVision/.venv/lib/python3.10/site-packages/pandas/core/nanops.py:1016: RuntimeWarning: invalid value encountered in subtract
  sqr = _ensure_numeric((avg - values) ** 2)
/home/kibria/Desktop/IIT_Folders/6th_semester/AI/StockVision/.venv/lib/python3.10/site-packages/pandas/core/nanops.py:1016: RuntimeWarning: invalid value encountered in subtract
  sqr = _ensure_numeric((avg - values) ** 2)
/home/kibria/Desktop/IIT_Folders/6th_semester/AI/StockVision/.venv/lib/python3.10/site-packages/pandas/core/nanops.py:1016: RuntimeWarning: invalid value encountered in subtract
  sqr = _ensure_numeric((avg - values) ** 2)
/home/kibria/Desktop/IIT_Folders/6th_semester/AI/StockVision/backend/services/precomputed_service.py:253: RuntimeWarning: invalid value encountered in scalar divide
  price_change = ((latest_price - price_30_days_ago) / price_30_days_ago) * 100
/home/kibria/Desktop/IIT_Folders/6th_semester/AI/StockVision/.venv/lib/python3.10/site-packages/pandas/core/nanops.py:1016: RuntimeWarning: invalid value encountered in subtract
  sqr = _ensure_numeric((avg - values) ** 2)
/home/kibria/Desktop/IIT_Folders/6th_semester/AI/StockVision/.venv/lib/python3.10/site-packages/pandas/core/nanops.py:1016: RuntimeWarning: invalid value encountered in subtract
  sqr = _ensure_numeric((avg - values) ** 2)
/home/kibria/Desktop/IIT_Folders/6th_semester/AI/StockVision/backend/services/precomputed_service.py:253: RuntimeWarning: invalid value encountered in scalar divide
  price_change = ((latest_price - price_30_days_ago) / price_30_days_ago) * 100
/home/kibria/Desktop/IIT_Folders/6th_semester/AI/StockVision/.venv/lib/python3.10/site-packages/pandas/core/nanops.py:1016: RuntimeWarning: invalid value encountered in subtract
  sqr = _ensure_numeric((avg - values) ** 2)
/home/kibria/Desktop/IIT_Folders/6th_semester/AI/StockVision/.venv/lib/python3.10/site-packages/pandas/core/nanops.py:1016: RuntimeWarning: invalid value encountered in subtract
  sqr = _ensure_numeric((avg - values) ** 2)
/home/kibria/Desktop/IIT_Folders/6th_semester/AI/StockVision/.venv/lib/python3.10/site-packages/pandas/core/nanops.py:1016: RuntimeWarning: invalid value encountered in subtract
  sqr = _ensure_numeric((avg - values) ** 2)
/home/kibria/Desktop/IIT_Folders/6th_semester/AI/StockVision/.venv/lib/python3.10/site-packages/pandas/core/nanops.py:1016: RuntimeWarning: invalid value encountered in subtract
  sqr = _ensure_numeric((avg - values) ** 2)
/home/kibria/Desktop/IIT_Folders/6th_semester/AI/StockVision/.venv/lib/python3.10/site-packages/pandas/core/nanops.py:1016: RuntimeWarning: invalid value encountered in subtract
  sqr = _ensure_numeric((avg - values) ** 2)
/home/kibria/Desktop/IIT_Folders/6th_semester/AI/StockVision/.venv/lib/python3.10/site-packages/pandas/core/nanops.py:1016: RuntimeWarning: invalid value encountered in subtract
  sqr = _ensure_numeric((avg - values) ** 2)
/home/kibria/Desktop/IIT_Folders/6th_semester/AI/StockVision/.venv/lib/python3.10/site-packages/pandas/core/nanops.py:1016: RuntimeWarning: invalid value encountered in subtract
  sqr = _ensure_numeric((avg - values) ** 2)
/home/kibria/Desktop/IIT_Folders/6th_semester/AI/StockVision/backend/services/precomputed_service.py:253: RuntimeWarning: invalid value encountered in scalar divide
  price_change = ((latest_price - price_30_days_ago) / price_30_days_ago) * 100
/home/kibria/Desktop/IIT_Folders/6th_semester/AI/StockVision/.venv/lib/python3.10/site-packages/pandas/core/nanops.py:1016: RuntimeWarning: invalid value encountered in subtract
  sqr = _ensure_numeric((avg - values) ** 2)
/home/kibria/Desktop/IIT_Folders/6th_semester/AI/StockVision/.venv/lib/python3.10/site-packages/pandas/core/nanops.py:1016: RuntimeWarning: invalid value encountered in subtract
  sqr = _ensure_numeric((avg - values) ** 2)
/home/kibria/Desktop/IIT_Folders/6th_semester/AI/StockVision/.venv/lib/python3.10/site-packages/pandas/core/nanops.py:1016: RuntimeWarning: invalid value encountered in subtract
  sqr = _ensure_numeric((avg - values) ** 2)
/home/kibria/Desktop/IIT_Folders/6th_semester/AI/StockVision/.venv/lib/python3.10/site-packages/pandas/core/nanops.py:1016: RuntimeWarning: invalid value encountered in subtract
  sqr = _ensure_numeric((avg - values) ** 2)
/home/kibria/Desktop/IIT_Folders/6th_semester/AI/StockVision/.venv/lib/python3.10/site-packages/pandas/core/nanops.py:1016: RuntimeWarning: invalid value encountered in subtract
  sqr = _ensure_numeric((avg - values) ** 2)
INFO:     Started server process [235431]
INFO:     Waiting for application startup.
INFO:     Application startup complete.
INFO:     Uvicorn running on http://0.0.0.0:8000 (Press CTRL+C to quit)
✅ Base data loaded: 1791069 records, 1007 tickers
🔄 Precomputing all page data...
✅ All data precomputed successfully!
🚀 Starting StockVision Precomputed API Server...
📊 Loading all page data on startup...
✅ Data loaded: 1007 tickers
⚡ All pages will load instantly!
🌐 Server starting on http://localhost:8000
📚 API docs at http://localhost:8000/docs
INFO:     127.0.0.1:48736 - "GET /health HTTP/1.1" 404 Not Found
INFO:     127.0.0.1:44448 - "GET / HTTP/1.1" 200 OK
INFO:     127.0.0.1:53636 - "GET /api/precomputed/dashboard HTTP/1.1" 200 OK
INFO:     127.0.0.1:57388 - "GET /api/precomputed/dashboard HTTP/1.1" 200 OK
INFO:     127.0.0.1:42908 - "GET /api/precomputed/sectors HTTP/1.1" 200 OK
